<?xml version="1.0" encoding="UTF-8"?>
<testng-results skipped="0" failed="0" total="1" passed="1">
  <reporter-output>
  </reporter-output>
  <suite name="Default suite" duration-ms="11138" started-at="2023-01-17T18:24:27Z" finished-at="2023-01-17T18:24:38Z">
    <groups>
    </groups>
    <test name="Default test" duration-ms="11138" started-at="2023-01-17T18:24:27Z" finished-at="2023-01-17T18:24:38Z">
      <class name="tests.RegistrationTest">
        <test-method status="PASS" signature="initialiseDriver()[pri:0, instance:tests.RegistrationTest@7c469c48]" name="initialiseDriver" is-config="true" duration-ms="7536" started-at="2023-01-17T23:54:27Z" finished-at="2023-01-17T23:54:34Z">
          <reporter-output>
          </reporter-output>
        </test-method> <!-- initialiseDriver -->
        <test-method status="PASS" signature="RegistrationTest()[pri:0, instance:tests.RegistrationTest@7c469c48]" name="RegistrationTest" duration-ms="2206" started-at="2023-01-17T23:54:34Z" finished-at="2023-01-17T23:54:36Z">
          <reporter-output>
          </reporter-output>
        </test-method> <!-- RegistrationTest -->
        <test-method status="PASS" signature="tearDown()[pri:0, instance:tests.RegistrationTest@7c469c48]" name="tearDown" is-config="true" duration-ms="1352" started-at="2023-01-17T23:54:36Z" finished-at="2023-01-17T23:54:38Z">
          <reporter-output>
          </reporter-output>
        </test-method> <!-- tearDown -->
      </class> <!-- tests.RegistrationTest -->
    </test> <!-- Default test -->
  </suite> <!-- Default suite -->
</testng-results>
